'MainWidgetclass' object has no attribute 'data_ruda'
'MainWidgetclass' object has no attribute 'data_ruda'
'MainWidgetclass' object has no attribute 'data_ruda'
'MainWidgetclass' object has no attribute 'data_ruda'
'MainWidgetclass' object has no attribute 'data_ruda'
'MainWidgetclass' object has no attribute 'data_ruda'
'MainWidgetclass' object has no attribute 'data_ruda'
'MainWidgetclass' object has no attribute 'data_ruda'
'MainWidgetclass' object has no attribute 'data_ruda'
'MainWidgetclass' object has no attribute 'data_ruda'
'MainWidgetclass' object has no attribute 'data_ruda'
'MainWidgetclass' object has no attribute 'data_ruda'
'MainWidgetclass' object has no attribute 'data_ruda'
'MainWidgetclass' object has no attribute 'data_ruda'
'MainWidgetclass' object has no attribute 'data_ruda'
'function' object has no attribute 'set_data'
'function' object has no attribute 'set_data'
'function' object has no attribute 'set_data'
'function' object has no attribute 'set_data'
'function' object has no attribute 'set_data'
'function' object has no attribute 'set_data'
'function' object has no attribute 'set_data'
'function' object has no attribute 'set_data'
'function' object has no attribute 'set_data'
'function' object has no attribute 'set_data'
'function' object has no attribute 'set_data'
'function' object has no attribute 'set_data'
'MainWidgetclass' object has no attribute 'data_ruda'
'MainWidgetclass' object has no attribute 'data_ruda'
'MainWidgetclass' object has no attribute 'data_ruda'
'MainWidgetclass' object has no attribute 'data_ruda'
'MainWidgetclass' object has no attribute 'data_ruda'
'MainWidgetclass' object has no attribute 'data_ruda'
'MainWidgetclass' object has no attribute 'data_ruda'
'MainWidgetclass' object has no attribute 'data_ruda'
'MainWidgetclass' object has no attribute 'data_ruda'
'MainWidgetclass' object has no attribute 'data_ruda'
'MainWidgetclass' object has no attribute 'data_ruda'
'MainWidgetclass' object has no attribute 'data_ruda'
'MainWidgetclass' object has no attribute 'data_ruda'
'MainWidgetclass' object has no attribute 'data_ruda'
'MainWidgetclass' object has no attribute 'data_ruda'
OpenCV(4.5.2) C:\Users\runneradmin\AppData\Local\Temp\pip-req-build-m8us58q4\opencv\modules\core\src\arithm.cpp:230: error: (-215:Assertion failed) (mtype == CV_8U || mtype == CV_8S) && _mask.sameSize(*psrc1) in function 'cv::binary_op'

OpenCV(4.5.2) C:\Users\runneradmin\AppData\Local\Temp\pip-req-build-m8us58q4\opencv\modules\core\src\arithm.cpp:230: error: (-215:Assertion failed) (mtype == CV_8U || mtype == CV_8S) && _mask.sameSize(*psrc1) in function 'cv::binary_op'

OpenCV(4.5.2) C:\Users\runneradmin\AppData\Local\Temp\pip-req-build-m8us58q4\opencv\modules\core\src\arithm.cpp:230: error: (-215:Assertion failed) (mtype == CV_8U || mtype == CV_8S) && _mask.sameSize(*psrc1) in function 'cv::binary_op'

OpenCV(4.5.2) C:\Users\runneradmin\AppData\Local\Temp\pip-req-build-m8us58q4\opencv\modules\core\src\arithm.cpp:230: error: (-215:Assertion failed) (mtype == CV_8U || mtype == CV_8S) && _mask.sameSize(*psrc1) in function 'cv::binary_op'

OpenCV(4.5.2) C:\Users\runneradmin\AppData\Local\Temp\pip-req-build-m8us58q4\opencv\modules\core\src\arithm.cpp:230: error: (-215:Assertion failed) (mtype == CV_8U || mtype == CV_8S) && _mask.sameSize(*psrc1) in function 'cv::binary_op'

OpenCV(4.5.2) C:\Users\runneradmin\AppData\Local\Temp\pip-req-build-m8us58q4\opencv\modules\core\src\arithm.cpp:230: error: (-215:Assertion failed) (mtype == CV_8U || mtype == CV_8S) && _mask.sameSize(*psrc1) in function 'cv::binary_op'

OpenCV(4.5.2) C:\Users\runneradmin\AppData\Local\Temp\pip-req-build-m8us58q4\opencv\modules\core\src\arithm.cpp:230: error: (-215:Assertion failed) (mtype == CV_8U || mtype == CV_8S) && _mask.sameSize(*psrc1) in function 'cv::binary_op'

OpenCV(4.5.2) C:\Users\runneradmin\AppData\Local\Temp\pip-req-build-m8us58q4\opencv\modules\core\src\arithm.cpp:230: error: (-215:Assertion failed) (mtype == CV_8U || mtype == CV_8S) && _mask.sameSize(*psrc1) in function 'cv::binary_op'

OpenCV(4.5.2) C:\Users\runneradmin\AppData\Local\Temp\pip-req-build-m8us58q4\opencv\modules\core\src\arithm.cpp:230: error: (-215:Assertion failed) (mtype == CV_8U || mtype == CV_8S) && _mask.sameSize(*psrc1) in function 'cv::binary_op'

OpenCV(4.5.2) C:\Users\runneradmin\AppData\Local\Temp\pip-req-build-m8us58q4\opencv\modules\core\src\arithm.cpp:230: error: (-215:Assertion failed) (mtype == CV_8U || mtype == CV_8S) && _mask.sameSize(*psrc1) in function 'cv::binary_op'

OpenCV(4.5.2) C:\Users\runneradmin\AppData\Local\Temp\pip-req-build-m8us58q4\opencv\modules\core\src\arithm.cpp:230: error: (-215:Assertion failed) (mtype == CV_8U || mtype == CV_8S) && _mask.sameSize(*psrc1) in function 'cv::binary_op'

OpenCV(4.5.2) C:\Users\runneradmin\AppData\Local\Temp\pip-req-build-m8us58q4\opencv\modules\core\src\arithm.cpp:230: error: (-215:Assertion failed) (mtype == CV_8U || mtype == CV_8S) && _mask.sameSize(*psrc1) in function 'cv::binary_op'

OpenCV(4.5.2) C:\Users\runneradmin\AppData\Local\Temp\pip-req-build-m8us58q4\opencv\modules\core\src\arithm.cpp:230: error: (-215:Assertion failed) (mtype == CV_8U || mtype == CV_8S) && _mask.sameSize(*psrc1) in function 'cv::binary_op'

OpenCV(4.5.2) C:\Users\runneradmin\AppData\Local\Temp\pip-req-build-m8us58q4\opencv\modules\core\src\arithm.cpp:230: error: (-215:Assertion failed) (mtype == CV_8U || mtype == CV_8S) && _mask.sameSize(*psrc1) in function 'cv::binary_op'

OpenCV(4.5.2) C:\Users\runneradmin\AppData\Local\Temp\pip-req-build-m8us58q4\opencv\modules\core\src\arithm.cpp:230: error: (-215:Assertion failed) (mtype == CV_8U || mtype == CV_8S) && _mask.sameSize(*psrc1) in function 'cv::binary_op'

OpenCV(4.5.2) C:\Users\runneradmin\AppData\Local\Temp\pip-req-build-m8us58q4\opencv\modules\core\src\arithm.cpp:230: error: (-215:Assertion failed) (mtype == CV_8U || mtype == CV_8S) && _mask.sameSize(*psrc1) in function 'cv::binary_op'

OpenCV(4.5.2) C:\Users\runneradmin\AppData\Local\Temp\pip-req-build-m8us58q4\opencv\modules\core\src\arithm.cpp:230: error: (-215:Assertion failed) (mtype == CV_8U || mtype == CV_8S) && _mask.sameSize(*psrc1) in function 'cv::binary_op'

OpenCV(4.5.2) C:\Users\runneradmin\AppData\Local\Temp\pip-req-build-m8us58q4\opencv\modules\core\src\arithm.cpp:230: error: (-215:Assertion failed) (mtype == CV_8U || mtype == CV_8S) && _mask.sameSize(*psrc1) in function 'cv::binary_op'

OpenCV(4.5.2) C:\Users\runneradmin\AppData\Local\Temp\pip-req-build-m8us58q4\opencv\modules\core\src\arithm.cpp:230: error: (-215:Assertion failed) (mtype == CV_8U || mtype == CV_8S) && _mask.sameSize(*psrc1) in function 'cv::binary_op'

OpenCV(4.5.2) C:\Users\runneradmin\AppData\Local\Temp\pip-req-build-m8us58q4\opencv\modules\core\src\arithm.cpp:230: error: (-215:Assertion failed) (mtype == CV_8U || mtype == CV_8S) && _mask.sameSize(*psrc1) in function 'cv::binary_op'

OpenCV(4.5.2) C:\Users\runneradmin\AppData\Local\Temp\pip-req-build-m8us58q4\opencv\modules\core\src\arithm.cpp:230: error: (-215:Assertion failed) (mtype == CV_8U || mtype == CV_8S) && _mask.sameSize(*psrc1) in function 'cv::binary_op'

OpenCV(4.5.2) C:\Users\runneradmin\AppData\Local\Temp\pip-req-build-m8us58q4\opencv\modules\core\src\arithm.cpp:230: error: (-215:Assertion failed) (mtype == CV_8U || mtype == CV_8S) && _mask.sameSize(*psrc1) in function 'cv::binary_op'

OpenCV(4.5.2) C:\Users\runneradmin\AppData\Local\Temp\pip-req-build-m8us58q4\opencv\modules\core\src\arithm.cpp:230: error: (-215:Assertion failed) (mtype == CV_8U || mtype == CV_8S) && _mask.sameSize(*psrc1) in function 'cv::binary_op'

OpenCV(4.5.2) C:\Users\runneradmin\AppData\Local\Temp\pip-req-build-m8us58q4\opencv\modules\core\src\arithm.cpp:230: error: (-215:Assertion failed) (mtype == CV_8U || mtype == CV_8S) && _mask.sameSize(*psrc1) in function 'cv::binary_op'

OpenCV(4.5.2) C:\Users\runneradmin\AppData\Local\Temp\pip-req-build-m8us58q4\opencv\modules\core\src\arithm.cpp:230: error: (-215:Assertion failed) (mtype == CV_8U || mtype == CV_8S) && _mask.sameSize(*psrc1) in function 'cv::binary_op'

OpenCV(4.5.2) C:\Users\runneradmin\AppData\Local\Temp\pip-req-build-m8us58q4\opencv\modules\core\src\arithm.cpp:230: error: (-215:Assertion failed) (mtype == CV_8U || mtype == CV_8S) && _mask.sameSize(*psrc1) in function 'cv::binary_op'

OpenCV(4.5.2) C:\Users\runneradmin\AppData\Local\Temp\pip-req-build-m8us58q4\opencv\modules\core\src\arithm.cpp:230: error: (-215:Assertion failed) (mtype == CV_8U || mtype == CV_8S) && _mask.sameSize(*psrc1) in function 'cv::binary_op'

OpenCV(4.5.2) C:\Users\runneradmin\AppData\Local\Temp\pip-req-build-m8us58q4\opencv\modules\core\src\arithm.cpp:230: error: (-215:Assertion failed) (mtype == CV_8U || mtype == CV_8S) && _mask.sameSize(*psrc1) in function 'cv::binary_op'

OpenCV(4.5.2) C:\Users\runneradmin\AppData\Local\Temp\pip-req-build-m8us58q4\opencv\modules\core\src\arithm.cpp:230: error: (-215:Assertion failed) (mtype == CV_8U || mtype == CV_8S) && _mask.sameSize(*psrc1) in function 'cv::binary_op'

OpenCV(4.5.2) C:\Users\runneradmin\AppData\Local\Temp\pip-req-build-m8us58q4\opencv\modules\core\src\arithm.cpp:230: error: (-215:Assertion failed) (mtype == CV_8U || mtype == CV_8S) && _mask.sameSize(*psrc1) in function 'cv::binary_op'

OpenCV(4.5.2) C:\Users\runneradmin\AppData\Local\Temp\pip-req-build-m8us58q4\opencv\modules\core\src\arithm.cpp:230: error: (-215:Assertion failed) (mtype == CV_8U || mtype == CV_8S) && _mask.sameSize(*psrc1) in function 'cv::binary_op'

OpenCV(4.5.2) C:\Users\runneradmin\AppData\Local\Temp\pip-req-build-m8us58q4\opencv\modules\core\src\arithm.cpp:230: error: (-215:Assertion failed) (mtype == CV_8U || mtype == CV_8S) && _mask.sameSize(*psrc1) in function 'cv::binary_op'

OpenCV(4.5.2) C:\Users\runneradmin\AppData\Local\Temp\pip-req-build-m8us58q4\opencv\modules\core\src\arithm.cpp:230: error: (-215:Assertion failed) (mtype == CV_8U || mtype == CV_8S) && _mask.sameSize(*psrc1) in function 'cv::binary_op'

OpenCV(4.5.2) C:\Users\runneradmin\AppData\Local\Temp\pip-req-build-m8us58q4\opencv\modules\core\src\arithm.cpp:230: error: (-215:Assertion failed) (mtype == CV_8U || mtype == CV_8S) && _mask.sameSize(*psrc1) in function 'cv::binary_op'

OpenCV(4.5.2) C:\Users\runneradmin\AppData\Local\Temp\pip-req-build-m8us58q4\opencv\modules\core\src\arithm.cpp:230: error: (-215:Assertion failed) (mtype == CV_8U || mtype == CV_8S) && _mask.sameSize(*psrc1) in function 'cv::binary_op'

OpenCV(4.5.2) C:\Users\runneradmin\AppData\Local\Temp\pip-req-build-m8us58q4\opencv\modules\core\src\arithm.cpp:230: error: (-215:Assertion failed) (mtype == CV_8U || mtype == CV_8S) && _mask.sameSize(*psrc1) in function 'cv::binary_op'

OpenCV(4.5.2) C:\Users\runneradmin\AppData\Local\Temp\pip-req-build-m8us58q4\opencv\modules\core\src\arithm.cpp:230: error: (-215:Assertion failed) (mtype == CV_8U || mtype == CV_8S) && _mask.sameSize(*psrc1) in function 'cv::binary_op'

OpenCV(4.5.2) C:\Users\runneradmin\AppData\Local\Temp\pip-req-build-m8us58q4\opencv\modules\core\src\arithm.cpp:230: error: (-215:Assertion failed) (mtype == CV_8U || mtype == CV_8S) && _mask.sameSize(*psrc1) in function 'cv::binary_op'

OpenCV(4.5.2) C:\Users\runneradmin\AppData\Local\Temp\pip-req-build-m8us58q4\opencv\modules\core\src\arithm.cpp:230: error: (-215:Assertion failed) (mtype == CV_8U || mtype == CV_8S) && _mask.sameSize(*psrc1) in function 'cv::binary_op'

OpenCV(4.5.2) C:\Users\runneradmin\AppData\Local\Temp\pip-req-build-m8us58q4\opencv\modules\core\src\arithm.cpp:230: error: (-215:Assertion failed) (mtype == CV_8U || mtype == CV_8S) && _mask.sameSize(*psrc1) in function 'cv::binary_op'

OpenCV(4.5.2) C:\Users\runneradmin\AppData\Local\Temp\pip-req-build-m8us58q4\opencv\modules\core\src\arithm.cpp:230: error: (-215:Assertion failed) (mtype == CV_8U || mtype == CV_8S) && _mask.sameSize(*psrc1) in function 'cv::binary_op'

OpenCV(4.5.2) C:\Users\runneradmin\AppData\Local\Temp\pip-req-build-m8us58q4\opencv\modules\core\src\arithm.cpp:230: error: (-215:Assertion failed) (mtype == CV_8U || mtype == CV_8S) && _mask.sameSize(*psrc1) in function 'cv::binary_op'

OpenCV(4.5.2) C:\Users\runneradmin\AppData\Local\Temp\pip-req-build-m8us58q4\opencv\modules\core\src\arithm.cpp:230: error: (-215:Assertion failed) (mtype == CV_8U || mtype == CV_8S) && _mask.sameSize(*psrc1) in function 'cv::binary_op'

OpenCV(4.5.2) C:\Users\runneradmin\AppData\Local\Temp\pip-req-build-m8us58q4\opencv\modules\core\src\arithm.cpp:230: error: (-215:Assertion failed) (mtype == CV_8U || mtype == CV_8S) && _mask.sameSize(*psrc1) in function 'cv::binary_op'

OpenCV(4.5.2) C:\Users\runneradmin\AppData\Local\Temp\pip-req-build-m8us58q4\opencv\modules\core\src\arithm.cpp:230: error: (-215:Assertion failed) (mtype == CV_8U || mtype == CV_8S) && _mask.sameSize(*psrc1) in function 'cv::binary_op'

OpenCV(4.5.2) C:\Users\runneradmin\AppData\Local\Temp\pip-req-build-m8us58q4\opencv\modules\core\src\arithm.cpp:230: error: (-215:Assertion failed) (mtype == CV_8U || mtype == CV_8S) && _mask.sameSize(*psrc1) in function 'cv::binary_op'

OpenCV(4.5.2) C:\Users\runneradmin\AppData\Local\Temp\pip-req-build-m8us58q4\opencv\modules\core\src\arithm.cpp:230: error: (-215:Assertion failed) (mtype == CV_8U || mtype == CV_8S) && _mask.sameSize(*psrc1) in function 'cv::binary_op'

OpenCV(4.5.2) C:\Users\runneradmin\AppData\Local\Temp\pip-req-build-m8us58q4\opencv\modules\core\src\arithm.cpp:230: error: (-215:Assertion failed) (mtype == CV_8U || mtype == CV_8S) && _mask.sameSize(*psrc1) in function 'cv::binary_op'

OpenCV(4.5.2) C:\Users\runneradmin\AppData\Local\Temp\pip-req-build-m8us58q4\opencv\modules\core\src\arithm.cpp:230: error: (-215:Assertion failed) (mtype == CV_8U || mtype == CV_8S) && _mask.sameSize(*psrc1) in function 'cv::binary_op'

OpenCV(4.5.2) C:\Users\runneradmin\AppData\Local\Temp\pip-req-build-m8us58q4\opencv\modules\core\src\arithm.cpp:230: error: (-215:Assertion failed) (mtype == CV_8U || mtype == CV_8S) && _mask.sameSize(*psrc1) in function 'cv::binary_op'

OpenCV(4.5.2) C:\Users\runneradmin\AppData\Local\Temp\pip-req-build-m8us58q4\opencv\modules\core\src\arithm.cpp:230: error: (-215:Assertion failed) (mtype == CV_8U || mtype == CV_8S) && _mask.sameSize(*psrc1) in function 'cv::binary_op'

OpenCV(4.5.2) C:\Users\runneradmin\AppData\Local\Temp\pip-req-build-m8us58q4\opencv\modules\core\src\arithm.cpp:230: error: (-215:Assertion failed) (mtype == CV_8U || mtype == CV_8S) && _mask.sameSize(*psrc1) in function 'cv::binary_op'

OpenCV(4.5.2) C:\Users\runneradmin\AppData\Local\Temp\pip-req-build-m8us58q4\opencv\modules\core\src\arithm.cpp:230: error: (-215:Assertion failed) (mtype == CV_8U || mtype == CV_8S) && _mask.sameSize(*psrc1) in function 'cv::binary_op'

OpenCV(4.5.2) C:\Users\runneradmin\AppData\Local\Temp\pip-req-build-m8us58q4\opencv\modules\core\src\arithm.cpp:230: error: (-215:Assertion failed) (mtype == CV_8U || mtype == CV_8S) && _mask.sameSize(*psrc1) in function 'cv::binary_op'

OpenCV(4.5.2) C:\Users\runneradmin\AppData\Local\Temp\pip-req-build-m8us58q4\opencv\modules\core\src\arithm.cpp:230: error: (-215:Assertion failed) (mtype == CV_8U || mtype == CV_8S) && _mask.sameSize(*psrc1) in function 'cv::binary_op'

OpenCV(4.5.2) C:\Users\runneradmin\AppData\Local\Temp\pip-req-build-m8us58q4\opencv\modules\core\src\arithm.cpp:230: error: (-215:Assertion failed) (mtype == CV_8U || mtype == CV_8S) && _mask.sameSize(*psrc1) in function 'cv::binary_op'

OpenCV(4.5.2) C:\Users\runneradmin\AppData\Local\Temp\pip-req-build-m8us58q4\opencv\modules\core\src\arithm.cpp:230: error: (-215:Assertion failed) (mtype == CV_8U || mtype == CV_8S) && _mask.sameSize(*psrc1) in function 'cv::binary_op'

OpenCV(4.5.2) C:\Users\runneradmin\AppData\Local\Temp\pip-req-build-m8us58q4\opencv\modules\core\src\arithm.cpp:230: error: (-215:Assertion failed) (mtype == CV_8U || mtype == CV_8S) && _mask.sameSize(*psrc1) in function 'cv::binary_op'

Only absolute URIs are allowed. uri = m
Only absolute URIs are allowed. uri = m
Only absolute URIs are allowed. uri = m
Only absolute URIs are allowed. uri = m
Only absolute URIs are allowed. uri = m
Only absolute URIs are allowed. uri = m

('42000', '[42000] [Microsoft][ODBC Driver 17 for SQL Server][SQL Server]Неправильный синтаксис около конструкции "/". (102) (SQLExecDirectW); [42000] [Microsoft][ODBC Driver 17 for SQL Server][SQL Server]Незакрытые кавычки в конце символьной строки "". (105)')

('42S22', '[42S22] [Microsoft][ODBC Driver 17 for SQL Server][SQL Server]Недопустимое имя столбца "[\'http://192.168.15.203:80/ISA". (207) (SQLExecDirectW)')

('42000', '[42000] [Microsoft][ODBC Driver 17 for SQL Server][SQL Server]Неправильный синтаксис около конструкции "/". (102) (SQLExecDirectW); [42000] [Microsoft][ODBC Driver 17 for SQL Server][SQL Server]Незакрытые кавычки в конце символьной строки "". (105)')

('42S22', '[42S22] [Microsoft][ODBC Driver 17 for SQL Server][SQL Server]Недопустимое имя столбца "[\'http://192.168.15.204:80/ISA". (207) (SQLExecDirectW)')

('42000', '[42000] [Microsoft][ODBC Driver 17 for SQL Server][SQL Server]Неправильный синтаксис около конструкции "/". (102) (SQLExecDirectW); [42000] [Microsoft][ODBC Driver 17 for SQL Server][SQL Server]Незакрытые кавычки в конце символьной строки "". (105)')

('42S22', '[42S22] [Microsoft][ODBC Driver 17 for SQL Server][SQL Server]Недопустимое имя столбца "[\'http://192.168.15.205:80/ISA". (207) (SQLExecDirectW)')

('42000', '[42000] [Microsoft][ODBC Driver 17 for SQL Server][SQL Server]Неправильный синтаксис около конструкции "/". (102) (SQLExecDirectW); [42000] [Microsoft][ODBC Driver 17 for SQL Server][SQL Server]Незакрытые кавычки в конце символьной строки "". (105)')

('42S22', '[42S22] [Microsoft][ODBC Driver 17 for SQL Server][SQL Server]Недопустимое имя столбца "[\'http://192.168.15.203:80/ISA". (207) (SQLExecDirectW)')

('42000', '[42000] [Microsoft][ODBC Driver 17 for SQL Server][SQL Server]Неправильный синтаксис около конструкции "/". (102) (SQLExecDirectW); [42000] [Microsoft][ODBC Driver 17 for SQL Server][SQL Server]Незакрытые кавычки в конце символьной строки "". (105)')

('42S22', '[42S22] [Microsoft][ODBC Driver 17 for SQL Server][SQL Server]Недопустимое имя столбца "[\'http://192.168.15.204:80/ISA". (207) (SQLExecDirectW)')

('42000', '[42000] [Microsoft][ODBC Driver 17 for SQL Server][SQL Server]Неправильный синтаксис около конструкции "/". (102) (SQLExecDirectW); [42000] [Microsoft][ODBC Driver 17 for SQL Server][SQL Server]Незакрытые кавычки в конце символьной строки "". (105)')

('42S22', '[42S22] [Microsoft][ODBC Driver 17 for SQL Server][SQL Server]Недопустимое имя столбца "[\'http://192.168.15.205:80/ISA". (207) (SQLExecDirectW)')

('42000', '[42000] [Microsoft][ODBC Driver 17 for SQL Server][SQL Server]Неправильный синтаксис около конструкции "/". (102) (SQLExecDirectW); [42000] [Microsoft][ODBC Driver 17 for SQL Server][SQL Server]Незакрытые кавычки в конце символьной строки "". (105)')

('42S22', '[42S22] [Microsoft][ODBC Driver 17 for SQL Server][SQL Server]Недопустимое имя столбца "[\'http://192.168.15.203:80/ISA". (207) (SQLExecDirectW)')

('42000', '[42000] [Microsoft][ODBC Driver 17 for SQL Server][SQL Server]Неправильный синтаксис около конструкции "/". (102) (SQLExecDirectW); [42000] [Microsoft][ODBC Driver 17 for SQL Server][SQL Server]Незакрытые кавычки в конце символьной строки "". (105)')

('42S22', '[42S22] [Microsoft][ODBC Driver 17 for SQL Server][SQL Server]Недопустимое имя столбца "[\'http://192.168.15.204:80/ISA". (207) (SQLExecDirectW)')

('42000', '[42000] [Microsoft][ODBC Driver 17 for SQL Server][SQL Server]Неправильный синтаксис около конструкции "/". (102) (SQLExecDirectW); [42000] [Microsoft][ODBC Driver 17 for SQL Server][SQL Server]Незакрытые кавычки в конце символьной строки "". (105)')

('42S22', '[42S22] [Microsoft][ODBC Driver 17 for SQL Server][SQL Server]Недопустимое имя столбца "[\'http://192.168.15.205:80/ISA". (207) (SQLExecDirectW)')

start_analiz() missing 25 required positional arguments: 'widget_write', 'widget', 'render_debug', 'resolution_debug', 'compute_debug', 'source_type', 'speed_analysis', 'speed_video_stream', 'sensetivity_analysis', 'correct_coefficient', 'protocol_cam_type', 'port_cam', 'login_cam', 'password_cam', 'ip_cam', 'mask_cam', 'sql_write', 'server_sql', 'database_sql', 'user_sql', 'password_sql', 'table_now_sql', 'rows_now_sql', 'table_data_sql', and 'rows_data_sql'

start_analiz() missing 25 required positional arguments: 'widget_write', 'widget', 'render_debug', 'resolution_debug', 'compute_debug', 'source_type', 'speed_analysis', 'speed_video_stream', 'sensetivity_analysis', 'correct_coefficient', 'protocol_cam_type', 'port_cam', 'login_cam', 'password_cam', 'ip_cam', 'mask_cam', 'sql_write', 'server_sql', 'database_sql', 'user_sql', 'password_sql', 'table_now_sql', 'rows_now_sql', 'table_data_sql', and 'rows_data_sql'

start_analiz() missing 25 required positional arguments: 'widget_write', 'widget', 'render_debug', 'resolution_debug', 'compute_debug', 'source_type', 'speed_analysis', 'speed_video_stream', 'sensetivity_analysis', 'correct_coefficient', 'protocol_cam_type', 'port_cam', 'login_cam', 'password_cam', 'ip_cam', 'mask_cam', 'sql_write', 'server_sql', 'database_sql', 'user_sql', 'password_sql', 'table_now_sql', 'rows_now_sql', 'table_data_sql', and 'rows_data_sql'
